Determining if the pthread_create exist failed with the following output:
Change Dir: /home/pmm5983/flownet-release/CMakeFiles/CMakeTmp

Run Build Command:/usr/bin/gmake "cmTryCompileExec1686216462/fast"
/usr/bin/gmake -f CMakeFiles/cmTryCompileExec1686216462.dir/build.make CMakeFiles/cmTryCompileExec1686216462.dir/build
gmake[1]: Entering directory `/home/pmm5983/flownet-release/CMakeFiles/CMakeTmp'
/usr/bin/cmake -E cmake_progress_report /home/pmm5983/flownet-release/CMakeFiles/CMakeTmp/CMakeFiles 1
Building C object CMakeFiles/cmTryCompileExec1686216462.dir/CheckSymbolExists.c.o
/usr/bin/cc    -o CMakeFiles/cmTryCompileExec1686216462.dir/CheckSymbolExists.c.o   -c /home/pmm5983/flownet-release/CMakeFiles/CMakeTmp/CheckSymbolExists.c
Linking C executable cmTryCompileExec1686216462
/usr/bin/cmake -E cmake_link_script CMakeFiles/cmTryCompileExec1686216462.dir/link.txt --verbose=1
/usr/bin/cc       CMakeFiles/cmTryCompileExec1686216462.dir/CheckSymbolExists.c.o  -o cmTryCompileExec1686216462 -rdynamic 
CMakeFiles/cmTryCompileExec1686216462.dir/CheckSymbolExists.c.o: In function `main':
CheckSymbolExists.c:(.text+0xc): undefined reference to `pthread_create'
collect2: ld returned 1 exit status
gmake[1]: *** [cmTryCompileExec1686216462] Error 1
gmake[1]: Leaving directory `/home/pmm5983/flownet-release/CMakeFiles/CMakeTmp'
gmake: *** [cmTryCompileExec1686216462/fast] Error 2

File /home/pmm5983/flownet-release/CMakeFiles/CMakeTmp/CheckSymbolExists.c:
/* */
#include <pthread.h>

int main(int argc, char** argv)
{
  (void)argv;
#ifndef pthread_create
  return ((int*)(&pthread_create))[argc];
#else
  (void)argc;
  return 0;
#endif
}

Determining if the function pthread_create exists in the pthreads failed with the following output:
Change Dir: /home/pmm5983/flownet-release/CMakeFiles/CMakeTmp

Run Build Command:/usr/bin/gmake "cmTryCompileExec2478768754/fast"
/usr/bin/gmake -f CMakeFiles/cmTryCompileExec2478768754.dir/build.make CMakeFiles/cmTryCompileExec2478768754.dir/build
gmake[1]: Entering directory `/home/pmm5983/flownet-release/CMakeFiles/CMakeTmp'
/usr/bin/cmake -E cmake_progress_report /home/pmm5983/flownet-release/CMakeFiles/CMakeTmp/CMakeFiles 1
Building C object CMakeFiles/cmTryCompileExec2478768754.dir/CheckFunctionExists.c.o
/usr/bin/cc   -DCHECK_FUNCTION_EXISTS=pthread_create   -o CMakeFiles/cmTryCompileExec2478768754.dir/CheckFunctionExists.c.o   -c /usr/share/cmake/Modules/CheckFunctionExists.c
Linking C executable cmTryCompileExec2478768754
/usr/bin/cmake -E cmake_link_script CMakeFiles/cmTryCompileExec2478768754.dir/link.txt --verbose=1
/usr/bin/cc   -DCHECK_FUNCTION_EXISTS=pthread_create    CMakeFiles/cmTryCompileExec2478768754.dir/CheckFunctionExists.c.o  -o cmTryCompileExec2478768754 -rdynamic -lpthreads 
/usr/bin/ld: cannot find -lpthreads
collect2: ld returned 1 exit status
gmake[1]: *** [cmTryCompileExec2478768754] Error 1
gmake[1]: Leaving directory `/home/pmm5983/flownet-release/CMakeFiles/CMakeTmp'
gmake: *** [cmTryCompileExec2478768754/fast] Error 2


Determining if the pthread_create exist failed with the following output:
Change Dir: /home/pmm5983/flownet-release/CMakeFiles/CMakeTmp

Run Build Command:/usr/bin/gmake "cmTryCompileExec3223348295/fast"
/usr/bin/gmake -f CMakeFiles/cmTryCompileExec3223348295.dir/build.make CMakeFiles/cmTryCompileExec3223348295.dir/build
gmake[1]: Entering directory `/home/pmm5983/flownet-release/CMakeFiles/CMakeTmp'
/usr/bin/cmake -E cmake_progress_report /home/pmm5983/flownet-release/CMakeFiles/CMakeTmp/CMakeFiles 1
Building C object CMakeFiles/cmTryCompileExec3223348295.dir/CheckSymbolExists.c.o
/usr/bin/cc    -o CMakeFiles/cmTryCompileExec3223348295.dir/CheckSymbolExists.c.o   -c /home/pmm5983/flownet-release/CMakeFiles/CMakeTmp/CheckSymbolExists.c
Linking C executable cmTryCompileExec3223348295
/usr/bin/cmake -E cmake_link_script CMakeFiles/cmTryCompileExec3223348295.dir/link.txt --verbose=1
/usr/bin/cc       CMakeFiles/cmTryCompileExec3223348295.dir/CheckSymbolExists.c.o  -o cmTryCompileExec3223348295 -rdynamic 
CMakeFiles/cmTryCompileExec3223348295.dir/CheckSymbolExists.c.o: In function `main':
CheckSymbolExists.c:(.text+0xc): undefined reference to `pthread_create'
collect2: ld returned 1 exit status
gmake[1]: *** [cmTryCompileExec3223348295] Error 1
gmake[1]: Leaving directory `/home/pmm5983/flownet-release/CMakeFiles/CMakeTmp'
gmake: *** [cmTryCompileExec3223348295/fast] Error 2

File /home/pmm5983/flownet-release/CMakeFiles/CMakeTmp/CheckSymbolExists.c:
/* */
#include <pthread.h>

int main(int argc, char** argv)
{
  (void)argv;
#ifndef pthread_create
  return ((int*)(&pthread_create))[argc];
#else
  (void)argc;
  return 0;
#endif
}

Determining if the function pthread_create exists in the pthreads failed with the following output:
Change Dir: /home/pmm5983/flownet-release/CMakeFiles/CMakeTmp

Run Build Command:/usr/bin/gmake "cmTryCompileExec1964260581/fast"
/usr/bin/gmake -f CMakeFiles/cmTryCompileExec1964260581.dir/build.make CMakeFiles/cmTryCompileExec1964260581.dir/build
gmake[1]: Entering directory `/home/pmm5983/flownet-release/CMakeFiles/CMakeTmp'
/usr/bin/cmake -E cmake_progress_report /home/pmm5983/flownet-release/CMakeFiles/CMakeTmp/CMakeFiles 1
Building C object CMakeFiles/cmTryCompileExec1964260581.dir/CheckFunctionExists.c.o
/usr/bin/cc   -DCHECK_FUNCTION_EXISTS=pthread_create   -o CMakeFiles/cmTryCompileExec1964260581.dir/CheckFunctionExists.c.o   -c /usr/share/cmake/Modules/CheckFunctionExists.c
Linking C executable cmTryCompileExec1964260581
/usr/bin/cmake -E cmake_link_script CMakeFiles/cmTryCompileExec1964260581.dir/link.txt --verbose=1
/usr/bin/cc   -DCHECK_FUNCTION_EXISTS=pthread_create    CMakeFiles/cmTryCompileExec1964260581.dir/CheckFunctionExists.c.o  -o cmTryCompileExec1964260581 -rdynamic -lpthreads 
/usr/bin/ld: cannot find -lpthreads
collect2: ld returned 1 exit status
gmake[1]: *** [cmTryCompileExec1964260581] Error 1
gmake[1]: Leaving directory `/home/pmm5983/flownet-release/CMakeFiles/CMakeTmp'
gmake: *** [cmTryCompileExec1964260581/fast] Error 2


Determining if the pthread_create exist failed with the following output:
Change Dir: /home/pmm5983/flownet-release/CMakeFiles/CMakeTmp

Run Build Command:/usr/bin/gmake "cmTryCompileExec3609397639/fast"
/usr/bin/gmake -f CMakeFiles/cmTryCompileExec3609397639.dir/build.make CMakeFiles/cmTryCompileExec3609397639.dir/build
gmake[1]: Entering directory `/home/pmm5983/flownet-release/CMakeFiles/CMakeTmp'
/usr/bin/cmake -E cmake_progress_report /home/pmm5983/flownet-release/CMakeFiles/CMakeTmp/CMakeFiles 1
Building C object CMakeFiles/cmTryCompileExec3609397639.dir/CheckSymbolExists.c.o
/usr/bin/cc    -o CMakeFiles/cmTryCompileExec3609397639.dir/CheckSymbolExists.c.o   -c /home/pmm5983/flownet-release/CMakeFiles/CMakeTmp/CheckSymbolExists.c
Linking C executable cmTryCompileExec3609397639
/usr/bin/cmake -E cmake_link_script CMakeFiles/cmTryCompileExec3609397639.dir/link.txt --verbose=1
/usr/bin/cc       CMakeFiles/cmTryCompileExec3609397639.dir/CheckSymbolExists.c.o  -o cmTryCompileExec3609397639 -rdynamic 
CMakeFiles/cmTryCompileExec3609397639.dir/CheckSymbolExists.c.o: In function `main':
CheckSymbolExists.c:(.text+0xc): undefined reference to `pthread_create'
collect2: ld returned 1 exit status
gmake[1]: *** [cmTryCompileExec3609397639] Error 1
gmake[1]: Leaving directory `/home/pmm5983/flownet-release/CMakeFiles/CMakeTmp'
gmake: *** [cmTryCompileExec3609397639/fast] Error 2

File /home/pmm5983/flownet-release/CMakeFiles/CMakeTmp/CheckSymbolExists.c:
/* */
#include <pthread.h>

int main(int argc, char** argv)
{
  (void)argv;
#ifndef pthread_create
  return ((int*)(&pthread_create))[argc];
#else
  (void)argc;
  return 0;
#endif
}

Determining if the function pthread_create exists in the pthreads failed with the following output:
Change Dir: /home/pmm5983/flownet-release/CMakeFiles/CMakeTmp

Run Build Command:/usr/bin/gmake "cmTryCompileExec3614662355/fast"
/usr/bin/gmake -f CMakeFiles/cmTryCompileExec3614662355.dir/build.make CMakeFiles/cmTryCompileExec3614662355.dir/build
gmake[1]: Entering directory `/home/pmm5983/flownet-release/CMakeFiles/CMakeTmp'
/usr/bin/cmake -E cmake_progress_report /home/pmm5983/flownet-release/CMakeFiles/CMakeTmp/CMakeFiles 1
Building C object CMakeFiles/cmTryCompileExec3614662355.dir/CheckFunctionExists.c.o
/usr/bin/cc   -DCHECK_FUNCTION_EXISTS=pthread_create   -o CMakeFiles/cmTryCompileExec3614662355.dir/CheckFunctionExists.c.o   -c /usr/share/cmake/Modules/CheckFunctionExists.c
Linking C executable cmTryCompileExec3614662355
/usr/bin/cmake -E cmake_link_script CMakeFiles/cmTryCompileExec3614662355.dir/link.txt --verbose=1
/usr/bin/cc   -DCHECK_FUNCTION_EXISTS=pthread_create    CMakeFiles/cmTryCompileExec3614662355.dir/CheckFunctionExists.c.o  -o cmTryCompileExec3614662355 -rdynamic -lpthreads 
/usr/bin/ld: cannot find -lpthreads
collect2: ld returned 1 exit status
gmake[1]: *** [cmTryCompileExec3614662355] Error 1
gmake[1]: Leaving directory `/home/pmm5983/flownet-release/CMakeFiles/CMakeTmp'
gmake: *** [cmTryCompileExec3614662355/fast] Error 2


Determining if the pthread_create exist failed with the following output:
Change Dir: /home/pmm5983/flownet-release/CMakeFiles/CMakeTmp

Run Build Command:/usr/bin/gmake "cmTryCompileExec2371241788/fast"
/usr/bin/gmake -f CMakeFiles/cmTryCompileExec2371241788.dir/build.make CMakeFiles/cmTryCompileExec2371241788.dir/build
gmake[1]: Entering directory `/home/pmm5983/flownet-release/CMakeFiles/CMakeTmp'
/usr/bin/cmake -E cmake_progress_report /home/pmm5983/flownet-release/CMakeFiles/CMakeTmp/CMakeFiles 1
Building C object CMakeFiles/cmTryCompileExec2371241788.dir/CheckSymbolExists.c.o
/usr/bin/cc    -o CMakeFiles/cmTryCompileExec2371241788.dir/CheckSymbolExists.c.o   -c /home/pmm5983/flownet-release/CMakeFiles/CMakeTmp/CheckSymbolExists.c
Linking C executable cmTryCompileExec2371241788
/usr/bin/cmake -E cmake_link_script CMakeFiles/cmTryCompileExec2371241788.dir/link.txt --verbose=1
/usr/bin/cc       CMakeFiles/cmTryCompileExec2371241788.dir/CheckSymbolExists.c.o  -o cmTryCompileExec2371241788 -rdynamic 
CMakeFiles/cmTryCompileExec2371241788.dir/CheckSymbolExists.c.o: In function `main':
CheckSymbolExists.c:(.text+0xc): undefined reference to `pthread_create'
collect2: ld returned 1 exit status
gmake[1]: Leaving directory `/home/pmm5983/flownet-release/CMakeFiles/CMakeTmp'
gmake[1]: *** [cmTryCompileExec2371241788] Error 1
gmake: *** [cmTryCompileExec2371241788/fast] Error 2

File /home/pmm5983/flownet-release/CMakeFiles/CMakeTmp/CheckSymbolExists.c:
/* */
#include <pthread.h>

int main(int argc, char** argv)
{
  (void)argv;
#ifndef pthread_create
  return ((int*)(&pthread_create))[argc];
#else
  (void)argc;
  return 0;
#endif
}

Determining if the function pthread_create exists in the pthreads failed with the following output:
Change Dir: /home/pmm5983/flownet-release/CMakeFiles/CMakeTmp

Run Build Command:/usr/bin/gmake "cmTryCompileExec3284168678/fast"
/usr/bin/gmake -f CMakeFiles/cmTryCompileExec3284168678.dir/build.make CMakeFiles/cmTryCompileExec3284168678.dir/build
gmake[1]: Entering directory `/home/pmm5983/flownet-release/CMakeFiles/CMakeTmp'
/usr/bin/cmake -E cmake_progress_report /home/pmm5983/flownet-release/CMakeFiles/CMakeTmp/CMakeFiles 1
Building C object CMakeFiles/cmTryCompileExec3284168678.dir/CheckFunctionExists.c.o
/usr/bin/cc   -DCHECK_FUNCTION_EXISTS=pthread_create   -o CMakeFiles/cmTryCompileExec3284168678.dir/CheckFunctionExists.c.o   -c /usr/share/cmake/Modules/CheckFunctionExists.c
Linking C executable cmTryCompileExec3284168678
/usr/bin/cmake -E cmake_link_script CMakeFiles/cmTryCompileExec3284168678.dir/link.txt --verbose=1
/usr/bin/cc   -DCHECK_FUNCTION_EXISTS=pthread_create    CMakeFiles/cmTryCompileExec3284168678.dir/CheckFunctionExists.c.o  -o cmTryCompileExec3284168678 -rdynamic -lpthreads 
/usr/bin/ld: cannot find -lpthreads
collect2: ld returned 1 exit status
gmake[1]: Leaving directory `/home/pmm5983/flownet-release/CMakeFiles/CMakeTmp'
gmake[1]: *** [cmTryCompileExec3284168678] Error 1
gmake: *** [cmTryCompileExec3284168678/fast] Error 2


