The system is: Linux - 2.6.32-642.el6.x86_64 - x86_64
Compiling the C compiler identification source file "CMakeCCompilerId.c" succeeded.
Compiler: /usr/bin/cc 
Build flags: 
Id flags: 

The output was:
0


Compilation of the C compiler identification source "CMakeCCompilerId.c" produced "a.out"

The C compiler identification is GNU, found in "/home/pmm5983/flownet-release/CMakeFiles/2.8.12.2/CompilerIdC/a.out"

Compiling the CXX compiler identification source file "CMakeCXXCompilerId.cpp" succeeded.
Compiler: /usr/bin/c++ 
Build flags: 
Id flags: 

The output was:
0


Compilation of the CXX compiler identification source "CMakeCXXCompilerId.cpp" produced "a.out"

The CXX compiler identification is GNU, found in "/home/pmm5983/flownet-release/CMakeFiles/2.8.12.2/CompilerIdCXX/a.out"

Determining if the C compiler works passed with the following output:
Change Dir: /home/pmm5983/flownet-release/CMakeFiles/CMakeTmp

Run Build Command:/usr/bin/gmake "cmTryCompileExec3263320642/fast"
/usr/bin/gmake -f CMakeFiles/cmTryCompileExec3263320642.dir/build.make CMakeFiles/cmTryCompileExec3263320642.dir/build
gmake[1]: Entering directory `/home/pmm5983/flownet-release/CMakeFiles/CMakeTmp'
/usr/bin/cmake -E cmake_progress_report /home/pmm5983/flownet-release/CMakeFiles/CMakeTmp/CMakeFiles 1
Building C object CMakeFiles/cmTryCompileExec3263320642.dir/testCCompiler.c.o
/usr/bin/cc    -o CMakeFiles/cmTryCompileExec3263320642.dir/testCCompiler.c.o   -c /home/pmm5983/flownet-release/CMakeFiles/CMakeTmp/testCCompiler.c
Linking C executable cmTryCompileExec3263320642
/usr/bin/cmake -E cmake_link_script CMakeFiles/cmTryCompileExec3263320642.dir/link.txt --verbose=1
/usr/bin/cc       CMakeFiles/cmTryCompileExec3263320642.dir/testCCompiler.c.o  -o cmTryCompileExec3263320642 -rdynamic 
gmake[1]: Leaving directory `/home/pmm5983/flownet-release/CMakeFiles/CMakeTmp'


Detecting C compiler ABI info compiled with the following output:
Change Dir: /home/pmm5983/flownet-release/CMakeFiles/CMakeTmp

Run Build Command:/usr/bin/gmake "cmTryCompileExec1989334729/fast"
/usr/bin/gmake -f CMakeFiles/cmTryCompileExec1989334729.dir/build.make CMakeFiles/cmTryCompileExec1989334729.dir/build
gmake[1]: Entering directory `/home/pmm5983/flownet-release/CMakeFiles/CMakeTmp'
/usr/bin/cmake -E cmake_progress_report /home/pmm5983/flownet-release/CMakeFiles/CMakeTmp/CMakeFiles 1
Building C object CMakeFiles/cmTryCompileExec1989334729.dir/CMakeCCompilerABI.c.o
/usr/bin/cc    -o CMakeFiles/cmTryCompileExec1989334729.dir/CMakeCCompilerABI.c.o   -c /usr/share/cmake/Modules/CMakeCCompilerABI.c
Linking C executable cmTryCompileExec1989334729
/usr/bin/cmake -E cmake_link_script CMakeFiles/cmTryCompileExec1989334729.dir/link.txt --verbose=1
/usr/bin/cc     -v CMakeFiles/cmTryCompileExec1989334729.dir/CMakeCCompilerABI.c.o  -o cmTryCompileExec1989334729 -rdynamic  
Using built-in specs.
Target: x86_64-redhat-linux
Configured with: ../configure --prefix=/usr --mandir=/usr/share/man --infodir=/usr/share/info --with-bugurl=http://bugzilla.redhat.com/bugzilla --enable-bootstrap --enable-shared --enable-threads=posix --enable-checking=release --with-system-zlib --enable-__cxa_atexit --disable-libunwind-exceptions --enable-gnu-unique-object --enable-languages=c,c++,objc,obj-c++,java,fortran,ada --enable-java-awt=gtk --disable-dssi --with-java-home=/usr/lib/jvm/java-1.5.0-gcj-1.5.0.0/jre --enable-libgcj-multifile --enable-java-maintainer-mode --with-ecj-jar=/usr/share/java/eclipse-ecj.jar --disable-libjava-multilib --with-ppl --with-cloog --with-tune=generic --with-arch_32=i686 --build=x86_64-redhat-linux
Thread model: posix
gcc version 4.4.7 20120313 (Red Hat 4.4.7-17) (GCC) 
COMPILER_PATH=/usr/libexec/gcc/x86_64-redhat-linux/4.4.7/:/usr/libexec/gcc/x86_64-redhat-linux/4.4.7/:/usr/libexec/gcc/x86_64-redhat-linux/:/usr/lib/gcc/x86_64-redhat-linux/4.4.7/:/usr/lib/gcc/x86_64-redhat-linux/:/usr/libexec/gcc/x86_64-redhat-linux/4.4.7/:/usr/libexec/gcc/x86_64-redhat-linux/:/usr/lib/gcc/x86_64-redhat-linux/4.4.7/:/usr/lib/gcc/x86_64-redhat-linux/
LIBRARY_PATH=/tools/jpeg-turbo/1.4.2/lib64/../lib64/:/usr/lib/gcc/x86_64-redhat-linux/4.4.7/:/usr/lib/gcc/x86_64-redhat-linux/4.4.7/:/usr/lib/gcc/x86_64-redhat-linux/4.4.7/../../../../lib64/:/lib/../lib64/:/usr/lib/../lib64/:/tools/cudnn/6.5/lib/:/tools/gflags/2.1.2/lib/:/tools/glog/0.3.4/lib/:/tools/boost/1.58.0/lib/:/tools/snappy/2015-06-24/lib/:/tools/protobuf/2.6.1/lib/:/tools/jpeg-turbo/1.4.2/lib64/:/tools/ffmpeg/2015-06-24/lib/:/tools/python/2.7.10b/lib/:/tools/openblas/0.2.14/lib/:/usr/local/cuda-6.5/lib64/:/tools/opencv/2.4.11b/lib/:/usr/lib/gcc/x86_64-redhat-linux/4.4.7/../../../:/lib/:/usr/lib/
COLLECT_GCC_OPTIONS='-v' '-o' 'cmTryCompileExec1989334729' '-rdynamic' '-mtune=generic'
 /usr/libexec/gcc/x86_64-redhat-linux/4.4.7/collect2 --eh-frame-hdr --build-id -m elf_x86_64 --hash-style=gnu -export-dynamic -dynamic-linker /lib64/ld-linux-x86-64.so.2 -o cmTryCompileExec1989334729 /usr/lib/gcc/x86_64-redhat-linux/4.4.7/../../../../lib64/crt1.o /usr/lib/gcc/x86_64-redhat-linux/4.4.7/../../../../lib64/crti.o /usr/lib/gcc/x86_64-redhat-linux/4.4.7/crtbegin.o -L/tools/jpeg-turbo/1.4.2/lib64/../lib64 -L/usr/lib/gcc/x86_64-redhat-linux/4.4.7 -L/usr/lib/gcc/x86_64-redhat-linux/4.4.7 -L/usr/lib/gcc/x86_64-redhat-linux/4.4.7/../../../../lib64 -L/lib/../lib64 -L/usr/lib/../lib64 -L/tools/cudnn/6.5/lib -L/tools/gflags/2.1.2/lib -L/tools/glog/0.3.4/lib -L/tools/boost/1.58.0/lib -L/tools/snappy/2015-06-24/lib -L/tools/protobuf/2.6.1/lib -L/tools/jpeg-turbo/1.4.2/lib64 -L/tools/ffmpeg/2015-06-24/lib -L/tools/python/2.7.10b/lib -L/tools/openblas/0.2.14/lib -L/usr/local/cuda-6.5/lib64 -L/tools/opencv/2.4.11b/lib -L/usr/lib/gcc/x86_64-redhat-linux/4.4.7/../../.. CMakeFiles/cmTryCompileExec1989334729.dir/CMakeCCompilerABI.c.o -lgcc --as-needed -lgcc_s --no-as-needed -lc -lgcc --as-needed -lgcc_s --no-as-needed /usr/lib/gcc/x86_64-redhat-linux/4.4.7/crtend.o /usr/lib/gcc/x86_64-redhat-linux/4.4.7/../../../../lib64/crtn.o
gmake[1]: Leaving directory `/home/pmm5983/flownet-release/CMakeFiles/CMakeTmp'


Parsed C implicit link information from above output:
  link line regex: [^( *|.*[/\])(ld|([^/\]+-)?ld|collect2)[^/\]*( |$)]
  ignore line: [Change Dir: /home/pmm5983/flownet-release/CMakeFiles/CMakeTmp]
  ignore line: []
  ignore line: [Run Build Command:/usr/bin/gmake "cmTryCompileExec1989334729/fast"]
  ignore line: [/usr/bin/gmake -f CMakeFiles/cmTryCompileExec1989334729.dir/build.make CMakeFiles/cmTryCompileExec1989334729.dir/build]
  ignore line: [gmake[1]: Entering directory `/home/pmm5983/flownet-release/CMakeFiles/CMakeTmp']
  ignore line: [/usr/bin/cmake -E cmake_progress_report /home/pmm5983/flownet-release/CMakeFiles/CMakeTmp/CMakeFiles 1]
  ignore line: [Building C object CMakeFiles/cmTryCompileExec1989334729.dir/CMakeCCompilerABI.c.o]
  ignore line: [/usr/bin/cc    -o CMakeFiles/cmTryCompileExec1989334729.dir/CMakeCCompilerABI.c.o   -c /usr/share/cmake/Modules/CMakeCCompilerABI.c]
  ignore line: [Linking C executable cmTryCompileExec1989334729]
  ignore line: [/usr/bin/cmake -E cmake_link_script CMakeFiles/cmTryCompileExec1989334729.dir/link.txt --verbose=1]
  ignore line: [/usr/bin/cc     -v CMakeFiles/cmTryCompileExec1989334729.dir/CMakeCCompilerABI.c.o  -o cmTryCompileExec1989334729 -rdynamic  ]
  ignore line: [Using built-in specs.]
  ignore line: [Target: x86_64-redhat-linux]
  ignore line: [Configured with: ../configure --prefix=/usr --mandir=/usr/share/man --infodir=/usr/share/info --with-bugurl=http://bugzilla.redhat.com/bugzilla --enable-bootstrap --enable-shared --enable-threads=posix --enable-checking=release --with-system-zlib --enable-__cxa_atexit --disable-libunwind-exceptions --enable-gnu-unique-object --enable-languages=c,c++,objc,obj-c++,java,fortran,ada --enable-java-awt=gtk --disable-dssi --with-java-home=/usr/lib/jvm/java-1.5.0-gcj-1.5.0.0/jre --enable-libgcj-multifile --enable-java-maintainer-mode --with-ecj-jar=/usr/share/java/eclipse-ecj.jar --disable-libjava-multilib --with-ppl --with-cloog --with-tune=generic --with-arch_32=i686 --build=x86_64-redhat-linux]
  ignore line: [Thread model: posix]
  ignore line: [gcc version 4.4.7 20120313 (Red Hat 4.4.7-17) (GCC) ]
  ignore line: [COMPILER_PATH=/usr/libexec/gcc/x86_64-redhat-linux/4.4.7/:/usr/libexec/gcc/x86_64-redhat-linux/4.4.7/:/usr/libexec/gcc/x86_64-redhat-linux/:/usr/lib/gcc/x86_64-redhat-linux/4.4.7/:/usr/lib/gcc/x86_64-redhat-linux/:/usr/libexec/gcc/x86_64-redhat-linux/4.4.7/:/usr/libexec/gcc/x86_64-redhat-linux/:/usr/lib/gcc/x86_64-redhat-linux/4.4.7/:/usr/lib/gcc/x86_64-redhat-linux/]
  ignore line: [LIBRARY_PATH=/tools/jpeg-turbo/1.4.2/lib64/../lib64/:/usr/lib/gcc/x86_64-redhat-linux/4.4.7/:/usr/lib/gcc/x86_64-redhat-linux/4.4.7/:/usr/lib/gcc/x86_64-redhat-linux/4.4.7/../../../../lib64/:/lib/../lib64/:/usr/lib/../lib64/:/tools/cudnn/6.5/lib/:/tools/gflags/2.1.2/lib/:/tools/glog/0.3.4/lib/:/tools/boost/1.58.0/lib/:/tools/snappy/2015-06-24/lib/:/tools/protobuf/2.6.1/lib/:/tools/jpeg-turbo/1.4.2/lib64/:/tools/ffmpeg/2015-06-24/lib/:/tools/python/2.7.10b/lib/:/tools/openblas/0.2.14/lib/:/usr/local/cuda-6.5/lib64/:/tools/opencv/2.4.11b/lib/:/usr/lib/gcc/x86_64-redhat-linux/4.4.7/../../../:/lib/:/usr/lib/]
  ignore line: [COLLECT_GCC_OPTIONS='-v' '-o' 'cmTryCompileExec1989334729' '-rdynamic' '-mtune=generic']
  link line: [ /usr/libexec/gcc/x86_64-redhat-linux/4.4.7/collect2 --eh-frame-hdr --build-id -m elf_x86_64 --hash-style=gnu -export-dynamic -dynamic-linker /lib64/ld-linux-x86-64.so.2 -o cmTryCompileExec1989334729 /usr/lib/gcc/x86_64-redhat-linux/4.4.7/../../../../lib64/crt1.o /usr/lib/gcc/x86_64-redhat-linux/4.4.7/../../../../lib64/crti.o /usr/lib/gcc/x86_64-redhat-linux/4.4.7/crtbegin.o -L/tools/jpeg-turbo/1.4.2/lib64/../lib64 -L/usr/lib/gcc/x86_64-redhat-linux/4.4.7 -L/usr/lib/gcc/x86_64-redhat-linux/4.4.7 -L/usr/lib/gcc/x86_64-redhat-linux/4.4.7/../../../../lib64 -L/lib/../lib64 -L/usr/lib/../lib64 -L/tools/cudnn/6.5/lib -L/tools/gflags/2.1.2/lib -L/tools/glog/0.3.4/lib -L/tools/boost/1.58.0/lib -L/tools/snappy/2015-06-24/lib -L/tools/protobuf/2.6.1/lib -L/tools/jpeg-turbo/1.4.2/lib64 -L/tools/ffmpeg/2015-06-24/lib -L/tools/python/2.7.10b/lib -L/tools/openblas/0.2.14/lib -L/usr/local/cuda-6.5/lib64 -L/tools/opencv/2.4.11b/lib -L/usr/lib/gcc/x86_64-redhat-linux/4.4.7/../../.. CMakeFiles/cmTryCompileExec1989334729.dir/CMakeCCompilerABI.c.o -lgcc --as-needed -lgcc_s --no-as-needed -lc -lgcc --as-needed -lgcc_s --no-as-needed /usr/lib/gcc/x86_64-redhat-linux/4.4.7/crtend.o /usr/lib/gcc/x86_64-redhat-linux/4.4.7/../../../../lib64/crtn.o]
    arg [/usr/libexec/gcc/x86_64-redhat-linux/4.4.7/collect2] ==> ignore
    arg [--eh-frame-hdr] ==> ignore
    arg [--build-id] ==> ignore
    arg [-m] ==> ignore
    arg [elf_x86_64] ==> ignore
    arg [--hash-style=gnu] ==> ignore
    arg [-export-dynamic] ==> ignore
    arg [-dynamic-linker] ==> ignore
    arg [/lib64/ld-linux-x86-64.so.2] ==> ignore
    arg [-o] ==> ignore
    arg [cmTryCompileExec1989334729] ==> ignore
    arg [/usr/lib/gcc/x86_64-redhat-linux/4.4.7/../../../../lib64/crt1.o] ==> ignore
    arg [/usr/lib/gcc/x86_64-redhat-linux/4.4.7/../../../../lib64/crti.o] ==> ignore
    arg [/usr/lib/gcc/x86_64-redhat-linux/4.4.7/crtbegin.o] ==> ignore
    arg [-L/tools/jpeg-turbo/1.4.2/lib64/../lib64] ==> dir [/tools/jpeg-turbo/1.4.2/lib64/../lib64]
    arg [-L/usr/lib/gcc/x86_64-redhat-linux/4.4.7] ==> dir [/usr/lib/gcc/x86_64-redhat-linux/4.4.7]
    arg [-L/usr/lib/gcc/x86_64-redhat-linux/4.4.7] ==> dir [/usr/lib/gcc/x86_64-redhat-linux/4.4.7]
    arg [-L/usr/lib/gcc/x86_64-redhat-linux/4.4.7/../../../../lib64] ==> dir [/usr/lib/gcc/x86_64-redhat-linux/4.4.7/../../../../lib64]
    arg [-L/lib/../lib64] ==> dir [/lib/../lib64]
    arg [-L/usr/lib/../lib64] ==> dir [/usr/lib/../lib64]
    arg [-L/tools/cudnn/6.5/lib] ==> dir [/tools/cudnn/6.5/lib]
    arg [-L/tools/gflags/2.1.2/lib] ==> dir [/tools/gflags/2.1.2/lib]
    arg [-L/tools/glog/0.3.4/lib] ==> dir [/tools/glog/0.3.4/lib]
    arg [-L/tools/boost/1.58.0/lib] ==> dir [/tools/boost/1.58.0/lib]
    arg [-L/tools/snappy/2015-06-24/lib] ==> dir [/tools/snappy/2015-06-24/lib]
    arg [-L/tools/protobuf/2.6.1/lib] ==> dir [/tools/protobuf/2.6.1/lib]
    arg [-L/tools/jpeg-turbo/1.4.2/lib64] ==> dir [/tools/jpeg-turbo/1.4.2/lib64]
    arg [-L/tools/ffmpeg/2015-06-24/lib] ==> dir [/tools/ffmpeg/2015-06-24/lib]
    arg [-L/tools/python/2.7.10b/lib] ==> dir [/tools/python/2.7.10b/lib]
    arg [-L/tools/openblas/0.2.14/lib] ==> dir [/tools/openblas/0.2.14/lib]
    arg [-L/usr/local/cuda-6.5/lib64] ==> dir [/usr/local/cuda-6.5/lib64]
    arg [-L/tools/opencv/2.4.11b/lib] ==> dir [/tools/opencv/2.4.11b/lib]
    arg [-L/usr/lib/gcc/x86_64-redhat-linux/4.4.7/../../..] ==> dir [/usr/lib/gcc/x86_64-redhat-linux/4.4.7/../../..]
    arg [CMakeFiles/cmTryCompileExec1989334729.dir/CMakeCCompilerABI.c.o] ==> ignore
    arg [-lgcc] ==> lib [gcc]
    arg [--as-needed] ==> ignore
    arg [-lgcc_s] ==> lib [gcc_s]
    arg [--no-as-needed] ==> ignore
    arg [-lc] ==> lib [c]
    arg [-lgcc] ==> lib [gcc]
    arg [--as-needed] ==> ignore
    arg [-lgcc_s] ==> lib [gcc_s]
    arg [--no-as-needed] ==> ignore
    arg [/usr/lib/gcc/x86_64-redhat-linux/4.4.7/crtend.o] ==> ignore
    arg [/usr/lib/gcc/x86_64-redhat-linux/4.4.7/../../../../lib64/crtn.o] ==> ignore
  remove lib [gcc]
  remove lib [gcc_s]
  remove lib [gcc]
  remove lib [gcc_s]
  collapse library dir [/tools/jpeg-turbo/1.4.2/lib64/../lib64] ==> [/tools/jpeg-turbo/1.4.2/lib64]
  collapse library dir [/usr/lib/gcc/x86_64-redhat-linux/4.4.7] ==> [/usr/lib/gcc/x86_64-redhat-linux/4.4.7]
  collapse library dir [/usr/lib/gcc/x86_64-redhat-linux/4.4.7] ==> [/usr/lib/gcc/x86_64-redhat-linux/4.4.7]
  collapse library dir [/usr/lib/gcc/x86_64-redhat-linux/4.4.7/../../../../lib64] ==> [/usr/lib64]
  collapse library dir [/lib/../lib64] ==> [/lib64]
  collapse library dir [/usr/lib/../lib64] ==> [/usr/lib64]
  collapse library dir [/tools/cudnn/6.5/lib] ==> [/tools/cudnn/6.5/lib]
  collapse library dir [/tools/gflags/2.1.2/lib] ==> [/tools/gflags/2.1.2/lib]
  collapse library dir [/tools/glog/0.3.4/lib] ==> [/tools/glog/0.3.4/lib]
  collapse library dir [/tools/boost/1.58.0/lib] ==> [/tools/boost/1.58.0/lib]
  collapse library dir [/tools/snappy/2015-06-24/lib] ==> [/tools/snappy/2015-06-24/lib]
  collapse library dir [/tools/protobuf/2.6.1/lib] ==> [/tools/protobuf/2.6.1/lib]
  collapse library dir [/tools/jpeg-turbo/1.4.2/lib64] ==> [/tools/jpeg-turbo/1.4.2/lib64]
  collapse library dir [/tools/ffmpeg/2015-06-24/lib] ==> [/tools/ffmpeg/2015-06-24/lib]
  collapse library dir [/tools/python/2.7.10b/lib] ==> [/tools/python/2.7.10b/lib]
  collapse library dir [/tools/openblas/0.2.14/lib] ==> [/tools/openblas/0.2.14/lib]
  collapse library dir [/usr/local/cuda-6.5/lib64] ==> [/usr/local/cuda-6.5/lib64]
  collapse library dir [/tools/opencv/2.4.11b/lib] ==> [/tools/opencv/2.4.11b/lib]
  collapse library dir [/usr/lib/gcc/x86_64-redhat-linux/4.4.7/../../..] ==> [/usr/lib]
  implicit libs: [c]
  implicit dirs: [/tools/jpeg-turbo/1.4.2/lib64;/usr/lib/gcc/x86_64-redhat-linux/4.4.7;/usr/lib64;/lib64;/tools/cudnn/6.5/lib;/tools/gflags/2.1.2/lib;/tools/glog/0.3.4/lib;/tools/boost/1.58.0/lib;/tools/snappy/2015-06-24/lib;/tools/protobuf/2.6.1/lib;/tools/ffmpeg/2015-06-24/lib;/tools/python/2.7.10b/lib;/tools/openblas/0.2.14/lib;/usr/local/cuda-6.5/lib64;/tools/opencv/2.4.11b/lib;/usr/lib]
  implicit fwks: []


Determining if the CXX compiler works passed with the following output:
Change Dir: /home/pmm5983/flownet-release/CMakeFiles/CMakeTmp

Run Build Command:/usr/bin/gmake "cmTryCompileExec2903206946/fast"
/usr/bin/gmake -f CMakeFiles/cmTryCompileExec2903206946.dir/build.make CMakeFiles/cmTryCompileExec2903206946.dir/build
gmake[1]: Entering directory `/home/pmm5983/flownet-release/CMakeFiles/CMakeTmp'
/usr/bin/cmake -E cmake_progress_report /home/pmm5983/flownet-release/CMakeFiles/CMakeTmp/CMakeFiles 1
Building CXX object CMakeFiles/cmTryCompileExec2903206946.dir/testCXXCompiler.cxx.o
/usr/bin/c++     -o CMakeFiles/cmTryCompileExec2903206946.dir/testCXXCompiler.cxx.o -c /home/pmm5983/flownet-release/CMakeFiles/CMakeTmp/testCXXCompiler.cxx
Linking CXX executable cmTryCompileExec2903206946
/usr/bin/cmake -E cmake_link_script CMakeFiles/cmTryCompileExec2903206946.dir/link.txt --verbose=1
/usr/bin/c++        CMakeFiles/cmTryCompileExec2903206946.dir/testCXXCompiler.cxx.o  -o cmTryCompileExec2903206946 -rdynamic 
gmake[1]: Leaving directory `/home/pmm5983/flownet-release/CMakeFiles/CMakeTmp'


Detecting CXX compiler ABI info compiled with the following output:
Change Dir: /home/pmm5983/flownet-release/CMakeFiles/CMakeTmp

Run Build Command:/usr/bin/gmake "cmTryCompileExec1435917477/fast"
/usr/bin/gmake -f CMakeFiles/cmTryCompileExec1435917477.dir/build.make CMakeFiles/cmTryCompileExec1435917477.dir/build
gmake[1]: Entering directory `/home/pmm5983/flownet-release/CMakeFiles/CMakeTmp'
/usr/bin/cmake -E cmake_progress_report /home/pmm5983/flownet-release/CMakeFiles/CMakeTmp/CMakeFiles 1
Building CXX object CMakeFiles/cmTryCompileExec1435917477.dir/CMakeCXXCompilerABI.cpp.o
/usr/bin/c++     -o CMakeFiles/cmTryCompileExec1435917477.dir/CMakeCXXCompilerABI.cpp.o -c /usr/share/cmake/Modules/CMakeCXXCompilerABI.cpp
Linking CXX executable cmTryCompileExec1435917477
/usr/bin/cmake -E cmake_link_script CMakeFiles/cmTryCompileExec1435917477.dir/link.txt --verbose=1
/usr/bin/c++      -v CMakeFiles/cmTryCompileExec1435917477.dir/CMakeCXXCompilerABI.cpp.o  -o cmTryCompileExec1435917477 -rdynamic  
Using built-in specs.
Target: x86_64-redhat-linux
Configured with: ../configure --prefix=/usr --mandir=/usr/share/man --infodir=/usr/share/info --with-bugurl=http://bugzilla.redhat.com/bugzilla --enable-bootstrap --enable-shared --enable-threads=posix --enable-checking=release --with-system-zlib --enable-__cxa_atexit --disable-libunwind-exceptions --enable-gnu-unique-object --enable-languages=c,c++,objc,obj-c++,java,fortran,ada --enable-java-awt=gtk --disable-dssi --with-java-home=/usr/lib/jvm/java-1.5.0-gcj-1.5.0.0/jre --enable-libgcj-multifile --enable-java-maintainer-mode --with-ecj-jar=/usr/share/java/eclipse-ecj.jar --disable-libjava-multilib --with-ppl --with-cloog --with-tune=generic --with-arch_32=i686 --build=x86_64-redhat-linux
Thread model: posix
gcc version 4.4.7 20120313 (Red Hat 4.4.7-17) (GCC) 
COMPILER_PATH=/usr/libexec/gcc/x86_64-redhat-linux/4.4.7/:/usr/libexec/gcc/x86_64-redhat-linux/4.4.7/:/usr/libexec/gcc/x86_64-redhat-linux/:/usr/lib/gcc/x86_64-redhat-linux/4.4.7/:/usr/lib/gcc/x86_64-redhat-linux/:/usr/libexec/gcc/x86_64-redhat-linux/4.4.7/:/usr/libexec/gcc/x86_64-redhat-linux/:/usr/lib/gcc/x86_64-redhat-linux/4.4.7/:/usr/lib/gcc/x86_64-redhat-linux/
LIBRARY_PATH=/tools/jpeg-turbo/1.4.2/lib64/../lib64/:/usr/lib/gcc/x86_64-redhat-linux/4.4.7/:/usr/lib/gcc/x86_64-redhat-linux/4.4.7/:/usr/lib/gcc/x86_64-redhat-linux/4.4.7/../../../../lib64/:/lib/../lib64/:/usr/lib/../lib64/:/tools/cudnn/6.5/lib/:/tools/gflags/2.1.2/lib/:/tools/glog/0.3.4/lib/:/tools/boost/1.58.0/lib/:/tools/snappy/2015-06-24/lib/:/tools/protobuf/2.6.1/lib/:/tools/jpeg-turbo/1.4.2/lib64/:/tools/ffmpeg/2015-06-24/lib/:/tools/python/2.7.10b/lib/:/tools/openblas/0.2.14/lib/:/usr/local/cuda-6.5/lib64/:/tools/opencv/2.4.11b/lib/:/usr/lib/gcc/x86_64-redhat-linux/4.4.7/../../../:/lib/:/usr/lib/
COLLECT_GCC_OPTIONS='-v' '-o' 'cmTryCompileExec1435917477' '-rdynamic' '-shared-libgcc' '-mtune=generic'
 /usr/libexec/gcc/x86_64-redhat-linux/4.4.7/collect2 --eh-frame-hdr --build-id -m elf_x86_64 --hash-style=gnu -export-dynamic -dynamic-linker /lib64/ld-linux-x86-64.so.2 -o cmTryCompileExec1435917477 /usr/lib/gcc/x86_64-redhat-linux/4.4.7/../../../../lib64/crt1.o /usr/lib/gcc/x86_64-redhat-linux/4.4.7/../../../../lib64/crti.o /usr/lib/gcc/x86_64-redhat-linux/4.4.7/crtbegin.o -L/tools/jpeg-turbo/1.4.2/lib64/../lib64 -L/usr/lib/gcc/x86_64-redhat-linux/4.4.7 -L/usr/lib/gcc/x86_64-redhat-linux/4.4.7 -L/usr/lib/gcc/x86_64-redhat-linux/4.4.7/../../../../lib64 -L/lib/../lib64 -L/usr/lib/../lib64 -L/tools/cudnn/6.5/lib -L/tools/gflags/2.1.2/lib -L/tools/glog/0.3.4/lib -L/tools/boost/1.58.0/lib -L/tools/snappy/2015-06-24/lib -L/tools/protobuf/2.6.1/lib -L/tools/jpeg-turbo/1.4.2/lib64 -L/tools/ffmpeg/2015-06-24/lib -L/tools/python/2.7.10b/lib -L/tools/openblas/0.2.14/lib -L/usr/local/cuda-6.5/lib64 -L/tools/opencv/2.4.11b/lib -L/usr/lib/gcc/x86_64-redhat-linux/4.4.7/../../.. CMakeFiles/cmTryCompileExec1435917477.dir/CMakeCXXCompilerABI.cpp.o -lstdc++ -lm -lgcc_s -lgcc -lc -lgcc_s -lgcc /usr/lib/gcc/x86_64-redhat-linux/4.4.7/crtend.o /usr/lib/gcc/x86_64-redhat-linux/4.4.7/../../../../lib64/crtn.o
gmake[1]: Leaving directory `/home/pmm5983/flownet-release/CMakeFiles/CMakeTmp'


Parsed CXX implicit link information from above output:
  link line regex: [^( *|.*[/\])(ld|([^/\]+-)?ld|collect2)[^/\]*( |$)]
  ignore line: [Change Dir: /home/pmm5983/flownet-release/CMakeFiles/CMakeTmp]
  ignore line: []
  ignore line: [Run Build Command:/usr/bin/gmake "cmTryCompileExec1435917477/fast"]
  ignore line: [/usr/bin/gmake -f CMakeFiles/cmTryCompileExec1435917477.dir/build.make CMakeFiles/cmTryCompileExec1435917477.dir/build]
  ignore line: [gmake[1]: Entering directory `/home/pmm5983/flownet-release/CMakeFiles/CMakeTmp']
  ignore line: [/usr/bin/cmake -E cmake_progress_report /home/pmm5983/flownet-release/CMakeFiles/CMakeTmp/CMakeFiles 1]
  ignore line: [Building CXX object CMakeFiles/cmTryCompileExec1435917477.dir/CMakeCXXCompilerABI.cpp.o]
  ignore line: [/usr/bin/c++     -o CMakeFiles/cmTryCompileExec1435917477.dir/CMakeCXXCompilerABI.cpp.o -c /usr/share/cmake/Modules/CMakeCXXCompilerABI.cpp]
  ignore line: [Linking CXX executable cmTryCompileExec1435917477]
  ignore line: [/usr/bin/cmake -E cmake_link_script CMakeFiles/cmTryCompileExec1435917477.dir/link.txt --verbose=1]
  ignore line: [/usr/bin/c++      -v CMakeFiles/cmTryCompileExec1435917477.dir/CMakeCXXCompilerABI.cpp.o  -o cmTryCompileExec1435917477 -rdynamic  ]
  ignore line: [Using built-in specs.]
  ignore line: [Target: x86_64-redhat-linux]
  ignore line: [Configured with: ../configure --prefix=/usr --mandir=/usr/share/man --infodir=/usr/share/info --with-bugurl=http://bugzilla.redhat.com/bugzilla --enable-bootstrap --enable-shared --enable-threads=posix --enable-checking=release --with-system-zlib --enable-__cxa_atexit --disable-libunwind-exceptions --enable-gnu-unique-object --enable-languages=c,c++,objc,obj-c++,java,fortran,ada --enable-java-awt=gtk --disable-dssi --with-java-home=/usr/lib/jvm/java-1.5.0-gcj-1.5.0.0/jre --enable-libgcj-multifile --enable-java-maintainer-mode --with-ecj-jar=/usr/share/java/eclipse-ecj.jar --disable-libjava-multilib --with-ppl --with-cloog --with-tune=generic --with-arch_32=i686 --build=x86_64-redhat-linux]
  ignore line: [Thread model: posix]
  ignore line: [gcc version 4.4.7 20120313 (Red Hat 4.4.7-17) (GCC) ]
  ignore line: [COMPILER_PATH=/usr/libexec/gcc/x86_64-redhat-linux/4.4.7/:/usr/libexec/gcc/x86_64-redhat-linux/4.4.7/:/usr/libexec/gcc/x86_64-redhat-linux/:/usr/lib/gcc/x86_64-redhat-linux/4.4.7/:/usr/lib/gcc/x86_64-redhat-linux/:/usr/libexec/gcc/x86_64-redhat-linux/4.4.7/:/usr/libexec/gcc/x86_64-redhat-linux/:/usr/lib/gcc/x86_64-redhat-linux/4.4.7/:/usr/lib/gcc/x86_64-redhat-linux/]
  ignore line: [LIBRARY_PATH=/tools/jpeg-turbo/1.4.2/lib64/../lib64/:/usr/lib/gcc/x86_64-redhat-linux/4.4.7/:/usr/lib/gcc/x86_64-redhat-linux/4.4.7/:/usr/lib/gcc/x86_64-redhat-linux/4.4.7/../../../../lib64/:/lib/../lib64/:/usr/lib/../lib64/:/tools/cudnn/6.5/lib/:/tools/gflags/2.1.2/lib/:/tools/glog/0.3.4/lib/:/tools/boost/1.58.0/lib/:/tools/snappy/2015-06-24/lib/:/tools/protobuf/2.6.1/lib/:/tools/jpeg-turbo/1.4.2/lib64/:/tools/ffmpeg/2015-06-24/lib/:/tools/python/2.7.10b/lib/:/tools/openblas/0.2.14/lib/:/usr/local/cuda-6.5/lib64/:/tools/opencv/2.4.11b/lib/:/usr/lib/gcc/x86_64-redhat-linux/4.4.7/../../../:/lib/:/usr/lib/]
  ignore line: [COLLECT_GCC_OPTIONS='-v' '-o' 'cmTryCompileExec1435917477' '-rdynamic' '-shared-libgcc' '-mtune=generic']
  link line: [ /usr/libexec/gcc/x86_64-redhat-linux/4.4.7/collect2 --eh-frame-hdr --build-id -m elf_x86_64 --hash-style=gnu -export-dynamic -dynamic-linker /lib64/ld-linux-x86-64.so.2 -o cmTryCompileExec1435917477 /usr/lib/gcc/x86_64-redhat-linux/4.4.7/../../../../lib64/crt1.o /usr/lib/gcc/x86_64-redhat-linux/4.4.7/../../../../lib64/crti.o /usr/lib/gcc/x86_64-redhat-linux/4.4.7/crtbegin.o -L/tools/jpeg-turbo/1.4.2/lib64/../lib64 -L/usr/lib/gcc/x86_64-redhat-linux/4.4.7 -L/usr/lib/gcc/x86_64-redhat-linux/4.4.7 -L/usr/lib/gcc/x86_64-redhat-linux/4.4.7/../../../../lib64 -L/lib/../lib64 -L/usr/lib/../lib64 -L/tools/cudnn/6.5/lib -L/tools/gflags/2.1.2/lib -L/tools/glog/0.3.4/lib -L/tools/boost/1.58.0/lib -L/tools/snappy/2015-06-24/lib -L/tools/protobuf/2.6.1/lib -L/tools/jpeg-turbo/1.4.2/lib64 -L/tools/ffmpeg/2015-06-24/lib -L/tools/python/2.7.10b/lib -L/tools/openblas/0.2.14/lib -L/usr/local/cuda-6.5/lib64 -L/tools/opencv/2.4.11b/lib -L/usr/lib/gcc/x86_64-redhat-linux/4.4.7/../../.. CMakeFiles/cmTryCompileExec1435917477.dir/CMakeCXXCompilerABI.cpp.o -lstdc++ -lm -lgcc_s -lgcc -lc -lgcc_s -lgcc /usr/lib/gcc/x86_64-redhat-linux/4.4.7/crtend.o /usr/lib/gcc/x86_64-redhat-linux/4.4.7/../../../../lib64/crtn.o]
    arg [/usr/libexec/gcc/x86_64-redhat-linux/4.4.7/collect2] ==> ignore
    arg [--eh-frame-hdr] ==> ignore
    arg [--build-id] ==> ignore
    arg [-m] ==> ignore
    arg [elf_x86_64] ==> ignore
    arg [--hash-style=gnu] ==> ignore
    arg [-export-dynamic] ==> ignore
    arg [-dynamic-linker] ==> ignore
    arg [/lib64/ld-linux-x86-64.so.2] ==> ignore
    arg [-o] ==> ignore
    arg [cmTryCompileExec1435917477] ==> ignore
    arg [/usr/lib/gcc/x86_64-redhat-linux/4.4.7/../../../../lib64/crt1.o] ==> ignore
    arg [/usr/lib/gcc/x86_64-redhat-linux/4.4.7/../../../../lib64/crti.o] ==> ignore
    arg [/usr/lib/gcc/x86_64-redhat-linux/4.4.7/crtbegin.o] ==> ignore
    arg [-L/tools/jpeg-turbo/1.4.2/lib64/../lib64] ==> dir [/tools/jpeg-turbo/1.4.2/lib64/../lib64]
    arg [-L/usr/lib/gcc/x86_64-redhat-linux/4.4.7] ==> dir [/usr/lib/gcc/x86_64-redhat-linux/4.4.7]
    arg [-L/usr/lib/gcc/x86_64-redhat-linux/4.4.7] ==> dir [/usr/lib/gcc/x86_64-redhat-linux/4.4.7]
    arg [-L/usr/lib/gcc/x86_64-redhat-linux/4.4.7/../../../../lib64] ==> dir [/usr/lib/gcc/x86_64-redhat-linux/4.4.7/../../../../lib64]
    arg [-L/lib/../lib64] ==> dir [/lib/../lib64]
    arg [-L/usr/lib/../lib64] ==> dir [/usr/lib/../lib64]
    arg [-L/tools/cudnn/6.5/lib] ==> dir [/tools/cudnn/6.5/lib]
    arg [-L/tools/gflags/2.1.2/lib] ==> dir [/tools/gflags/2.1.2/lib]
    arg [-L/tools/glog/0.3.4/lib] ==> dir [/tools/glog/0.3.4/lib]
    arg [-L/tools/boost/1.58.0/lib] ==> dir [/tools/boost/1.58.0/lib]
    arg [-L/tools/snappy/2015-06-24/lib] ==> dir [/tools/snappy/2015-06-24/lib]
    arg [-L/tools/protobuf/2.6.1/lib] ==> dir [/tools/protobuf/2.6.1/lib]
    arg [-L/tools/jpeg-turbo/1.4.2/lib64] ==> dir [/tools/jpeg-turbo/1.4.2/lib64]
    arg [-L/tools/ffmpeg/2015-06-24/lib] ==> dir [/tools/ffmpeg/2015-06-24/lib]
    arg [-L/tools/python/2.7.10b/lib] ==> dir [/tools/python/2.7.10b/lib]
    arg [-L/tools/openblas/0.2.14/lib] ==> dir [/tools/openblas/0.2.14/lib]
    arg [-L/usr/local/cuda-6.5/lib64] ==> dir [/usr/local/cuda-6.5/lib64]
    arg [-L/tools/opencv/2.4.11b/lib] ==> dir [/tools/opencv/2.4.11b/lib]
    arg [-L/usr/lib/gcc/x86_64-redhat-linux/4.4.7/../../..] ==> dir [/usr/lib/gcc/x86_64-redhat-linux/4.4.7/../../..]
    arg [CMakeFiles/cmTryCompileExec1435917477.dir/CMakeCXXCompilerABI.cpp.o] ==> ignore
    arg [-lstdc++] ==> lib [stdc++]
    arg [-lm] ==> lib [m]
    arg [-lgcc_s] ==> lib [gcc_s]
    arg [-lgcc] ==> lib [gcc]
    arg [-lc] ==> lib [c]
    arg [-lgcc_s] ==> lib [gcc_s]
    arg [-lgcc] ==> lib [gcc]
    arg [/usr/lib/gcc/x86_64-redhat-linux/4.4.7/crtend.o] ==> ignore
    arg [/usr/lib/gcc/x86_64-redhat-linux/4.4.7/../../../../lib64/crtn.o] ==> ignore
  remove lib [gcc_s]
  remove lib [gcc]
  remove lib [gcc_s]
  remove lib [gcc]
  collapse library dir [/tools/jpeg-turbo/1.4.2/lib64/../lib64] ==> [/tools/jpeg-turbo/1.4.2/lib64]
  collapse library dir [/usr/lib/gcc/x86_64-redhat-linux/4.4.7] ==> [/usr/lib/gcc/x86_64-redhat-linux/4.4.7]
  collapse library dir [/usr/lib/gcc/x86_64-redhat-linux/4.4.7] ==> [/usr/lib/gcc/x86_64-redhat-linux/4.4.7]
  collapse library dir [/usr/lib/gcc/x86_64-redhat-linux/4.4.7/../../../../lib64] ==> [/usr/lib64]
  collapse library dir [/lib/../lib64] ==> [/lib64]
  collapse library dir [/usr/lib/../lib64] ==> [/usr/lib64]
  collapse library dir [/tools/cudnn/6.5/lib] ==> [/tools/cudnn/6.5/lib]
  collapse library dir [/tools/gflags/2.1.2/lib] ==> [/tools/gflags/2.1.2/lib]
  collapse library dir [/tools/glog/0.3.4/lib] ==> [/tools/glog/0.3.4/lib]
  collapse library dir [/tools/boost/1.58.0/lib] ==> [/tools/boost/1.58.0/lib]
  collapse library dir [/tools/snappy/2015-06-24/lib] ==> [/tools/snappy/2015-06-24/lib]
  collapse library dir [/tools/protobuf/2.6.1/lib] ==> [/tools/protobuf/2.6.1/lib]
  collapse library dir [/tools/jpeg-turbo/1.4.2/lib64] ==> [/tools/jpeg-turbo/1.4.2/lib64]
  collapse library dir [/tools/ffmpeg/2015-06-24/lib] ==> [/tools/ffmpeg/2015-06-24/lib]
  collapse library dir [/tools/python/2.7.10b/lib] ==> [/tools/python/2.7.10b/lib]
  collapse library dir [/tools/openblas/0.2.14/lib] ==> [/tools/openblas/0.2.14/lib]
  collapse library dir [/usr/local/cuda-6.5/lib64] ==> [/usr/local/cuda-6.5/lib64]
  collapse library dir [/tools/opencv/2.4.11b/lib] ==> [/tools/opencv/2.4.11b/lib]
  collapse library dir [/usr/lib/gcc/x86_64-redhat-linux/4.4.7/../../..] ==> [/usr/lib]
  implicit libs: [stdc++;m;c]
  implicit dirs: [/tools/jpeg-turbo/1.4.2/lib64;/usr/lib/gcc/x86_64-redhat-linux/4.4.7;/usr/lib64;/lib64;/tools/cudnn/6.5/lib;/tools/gflags/2.1.2/lib;/tools/glog/0.3.4/lib;/tools/boost/1.58.0/lib;/tools/snappy/2015-06-24/lib;/tools/protobuf/2.6.1/lib;/tools/ffmpeg/2015-06-24/lib;/tools/python/2.7.10b/lib;/tools/openblas/0.2.14/lib;/usr/local/cuda-6.5/lib64;/tools/opencv/2.4.11b/lib;/usr/lib]
  implicit fwks: []


Determining if files pthread.h exist passed with the following output:
Change Dir: /home/pmm5983/flownet-release/CMakeFiles/CMakeTmp

Run Build Command:/usr/bin/gmake "cmTryCompileExec2786977983/fast"
/usr/bin/gmake -f CMakeFiles/cmTryCompileExec2786977983.dir/build.make CMakeFiles/cmTryCompileExec2786977983.dir/build
gmake[1]: Entering directory `/home/pmm5983/flownet-release/CMakeFiles/CMakeTmp'
/usr/bin/cmake -E cmake_progress_report /home/pmm5983/flownet-release/CMakeFiles/CMakeTmp/CMakeFiles 1
Building C object CMakeFiles/cmTryCompileExec2786977983.dir/CheckIncludeFiles.c.o
/usr/bin/cc    -o CMakeFiles/cmTryCompileExec2786977983.dir/CheckIncludeFiles.c.o   -c /home/pmm5983/flownet-release/CMakeFiles/CMakeTmp/CheckIncludeFiles.c
Linking C executable cmTryCompileExec2786977983
/usr/bin/cmake -E cmake_link_script CMakeFiles/cmTryCompileExec2786977983.dir/link.txt --verbose=1
/usr/bin/cc       CMakeFiles/cmTryCompileExec2786977983.dir/CheckIncludeFiles.c.o  -o cmTryCompileExec2786977983 -rdynamic 
gmake[1]: Leaving directory `/home/pmm5983/flownet-release/CMakeFiles/CMakeTmp'


Determining if the function pthread_create exists in the pthread passed with the following output:
Change Dir: /home/pmm5983/flownet-release/CMakeFiles/CMakeTmp

Run Build Command:/usr/bin/gmake "cmTryCompileExec1756441974/fast"
/usr/bin/gmake -f CMakeFiles/cmTryCompileExec1756441974.dir/build.make CMakeFiles/cmTryCompileExec1756441974.dir/build
gmake[1]: Entering directory `/home/pmm5983/flownet-release/CMakeFiles/CMakeTmp'
/usr/bin/cmake -E cmake_progress_report /home/pmm5983/flownet-release/CMakeFiles/CMakeTmp/CMakeFiles 1
Building C object CMakeFiles/cmTryCompileExec1756441974.dir/CheckFunctionExists.c.o
/usr/bin/cc   -DCHECK_FUNCTION_EXISTS=pthread_create   -o CMakeFiles/cmTryCompileExec1756441974.dir/CheckFunctionExists.c.o   -c /usr/share/cmake/Modules/CheckFunctionExists.c
Linking C executable cmTryCompileExec1756441974
/usr/bin/cmake -E cmake_link_script CMakeFiles/cmTryCompileExec1756441974.dir/link.txt --verbose=1
/usr/bin/cc   -DCHECK_FUNCTION_EXISTS=pthread_create    CMakeFiles/cmTryCompileExec1756441974.dir/CheckFunctionExists.c.o  -o cmTryCompileExec1756441974 -rdynamic -lpthread 
gmake[1]: Leaving directory `/home/pmm5983/flownet-release/CMakeFiles/CMakeTmp'


Determining if files pthread.h exist passed with the following output:
Change Dir: /home/pmm5983/flownet-release/CMakeFiles/CMakeTmp

Run Build Command:/usr/bin/gmake "cmTryCompileExec782305046/fast"
/usr/bin/gmake -f CMakeFiles/cmTryCompileExec782305046.dir/build.make CMakeFiles/cmTryCompileExec782305046.dir/build
gmake[1]: Entering directory `/home/pmm5983/flownet-release/CMakeFiles/CMakeTmp'
/usr/bin/cmake -E cmake_progress_report /home/pmm5983/flownet-release/CMakeFiles/CMakeTmp/CMakeFiles 1
Building C object CMakeFiles/cmTryCompileExec782305046.dir/CheckIncludeFiles.c.o
/usr/bin/cc    -o CMakeFiles/cmTryCompileExec782305046.dir/CheckIncludeFiles.c.o   -c /home/pmm5983/flownet-release/CMakeFiles/CMakeTmp/CheckIncludeFiles.c
Linking C executable cmTryCompileExec782305046
/usr/bin/cmake -E cmake_link_script CMakeFiles/cmTryCompileExec782305046.dir/link.txt --verbose=1
/usr/bin/cc       CMakeFiles/cmTryCompileExec782305046.dir/CheckIncludeFiles.c.o  -o cmTryCompileExec782305046 -rdynamic 
gmake[1]: Leaving directory `/home/pmm5983/flownet-release/CMakeFiles/CMakeTmp'


Determining if the function pthread_create exists in the pthread passed with the following output:
Change Dir: /home/pmm5983/flownet-release/CMakeFiles/CMakeTmp

Run Build Command:/usr/bin/gmake "cmTryCompileExec2026021231/fast"
/usr/bin/gmake -f CMakeFiles/cmTryCompileExec2026021231.dir/build.make CMakeFiles/cmTryCompileExec2026021231.dir/build
gmake[1]: Entering directory `/home/pmm5983/flownet-release/CMakeFiles/CMakeTmp'
/usr/bin/cmake -E cmake_progress_report /home/pmm5983/flownet-release/CMakeFiles/CMakeTmp/CMakeFiles 1
Building C object CMakeFiles/cmTryCompileExec2026021231.dir/CheckFunctionExists.c.o
/usr/bin/cc   -DCHECK_FUNCTION_EXISTS=pthread_create   -o CMakeFiles/cmTryCompileExec2026021231.dir/CheckFunctionExists.c.o   -c /usr/share/cmake/Modules/CheckFunctionExists.c
Linking C executable cmTryCompileExec2026021231
/usr/bin/cmake -E cmake_link_script CMakeFiles/cmTryCompileExec2026021231.dir/link.txt --verbose=1
/usr/bin/cc   -DCHECK_FUNCTION_EXISTS=pthread_create    CMakeFiles/cmTryCompileExec2026021231.dir/CheckFunctionExists.c.o  -o cmTryCompileExec2026021231 -rdynamic -lpthread 
gmake[1]: Leaving directory `/home/pmm5983/flownet-release/CMakeFiles/CMakeTmp'


Determining if files pthread.h exist passed with the following output:
Change Dir: /home/pmm5983/flownet-release/CMakeFiles/CMakeTmp

Run Build Command:/usr/bin/gmake "cmTryCompileExec4183308999/fast"
/usr/bin/gmake -f CMakeFiles/cmTryCompileExec4183308999.dir/build.make CMakeFiles/cmTryCompileExec4183308999.dir/build
gmake[1]: Entering directory `/home/pmm5983/flownet-release/CMakeFiles/CMakeTmp'
/usr/bin/cmake -E cmake_progress_report /home/pmm5983/flownet-release/CMakeFiles/CMakeTmp/CMakeFiles 1
Building C object CMakeFiles/cmTryCompileExec4183308999.dir/CheckIncludeFiles.c.o
/usr/bin/cc    -o CMakeFiles/cmTryCompileExec4183308999.dir/CheckIncludeFiles.c.o   -c /home/pmm5983/flownet-release/CMakeFiles/CMakeTmp/CheckIncludeFiles.c
Linking C executable cmTryCompileExec4183308999
/usr/bin/cmake -E cmake_link_script CMakeFiles/cmTryCompileExec4183308999.dir/link.txt --verbose=1
/usr/bin/cc       CMakeFiles/cmTryCompileExec4183308999.dir/CheckIncludeFiles.c.o  -o cmTryCompileExec4183308999 -rdynamic 
gmake[1]: Leaving directory `/home/pmm5983/flownet-release/CMakeFiles/CMakeTmp'


Determining if the function pthread_create exists in the pthread passed with the following output:
Change Dir: /home/pmm5983/flownet-release/CMakeFiles/CMakeTmp

Run Build Command:/usr/bin/gmake "cmTryCompileExec3982761234/fast"
/usr/bin/gmake -f CMakeFiles/cmTryCompileExec3982761234.dir/build.make CMakeFiles/cmTryCompileExec3982761234.dir/build
gmake[1]: Entering directory `/home/pmm5983/flownet-release/CMakeFiles/CMakeTmp'
/usr/bin/cmake -E cmake_progress_report /home/pmm5983/flownet-release/CMakeFiles/CMakeTmp/CMakeFiles 1
Building C object CMakeFiles/cmTryCompileExec3982761234.dir/CheckFunctionExists.c.o
/usr/bin/cc   -DCHECK_FUNCTION_EXISTS=pthread_create   -o CMakeFiles/cmTryCompileExec3982761234.dir/CheckFunctionExists.c.o   -c /usr/share/cmake/Modules/CheckFunctionExists.c
Linking C executable cmTryCompileExec3982761234
/usr/bin/cmake -E cmake_link_script CMakeFiles/cmTryCompileExec3982761234.dir/link.txt --verbose=1
/usr/bin/cc   -DCHECK_FUNCTION_EXISTS=pthread_create    CMakeFiles/cmTryCompileExec3982761234.dir/CheckFunctionExists.c.o  -o cmTryCompileExec3982761234 -rdynamic -lpthread 
gmake[1]: Leaving directory `/home/pmm5983/flownet-release/CMakeFiles/CMakeTmp'


Determining if files pthread.h exist passed with the following output:
Change Dir: /home/pmm5983/flownet-release/CMakeFiles/CMakeTmp

Run Build Command:/usr/bin/gmake "cmTryCompileExec3438060227/fast"
/usr/bin/gmake -f CMakeFiles/cmTryCompileExec3438060227.dir/build.make CMakeFiles/cmTryCompileExec3438060227.dir/build
gmake[1]: Entering directory `/home/pmm5983/flownet-release/CMakeFiles/CMakeTmp'
/usr/bin/cmake -E cmake_progress_report /home/pmm5983/flownet-release/CMakeFiles/CMakeTmp/CMakeFiles 1
Building C object CMakeFiles/cmTryCompileExec3438060227.dir/CheckIncludeFiles.c.o
/usr/bin/cc    -o CMakeFiles/cmTryCompileExec3438060227.dir/CheckIncludeFiles.c.o   -c /home/pmm5983/flownet-release/CMakeFiles/CMakeTmp/CheckIncludeFiles.c
Linking C executable cmTryCompileExec3438060227
/usr/bin/cmake -E cmake_link_script CMakeFiles/cmTryCompileExec3438060227.dir/link.txt --verbose=1
/usr/bin/cc       CMakeFiles/cmTryCompileExec3438060227.dir/CheckIncludeFiles.c.o  -o cmTryCompileExec3438060227 -rdynamic 
gmake[1]: Leaving directory `/home/pmm5983/flownet-release/CMakeFiles/CMakeTmp'


Determining if the function pthread_create exists in the pthread passed with the following output:
Change Dir: /home/pmm5983/flownet-release/CMakeFiles/CMakeTmp

Run Build Command:/usr/bin/gmake "cmTryCompileExec288166561/fast"
/usr/bin/gmake -f CMakeFiles/cmTryCompileExec288166561.dir/build.make CMakeFiles/cmTryCompileExec288166561.dir/build
gmake[1]: Entering directory `/home/pmm5983/flownet-release/CMakeFiles/CMakeTmp'
/usr/bin/cmake -E cmake_progress_report /home/pmm5983/flownet-release/CMakeFiles/CMakeTmp/CMakeFiles 1
Building C object CMakeFiles/cmTryCompileExec288166561.dir/CheckFunctionExists.c.o
/usr/bin/cc   -DCHECK_FUNCTION_EXISTS=pthread_create   -o CMakeFiles/cmTryCompileExec288166561.dir/CheckFunctionExists.c.o   -c /usr/share/cmake/Modules/CheckFunctionExists.c
Linking C executable cmTryCompileExec288166561
/usr/bin/cmake -E cmake_link_script CMakeFiles/cmTryCompileExec288166561.dir/link.txt --verbose=1
/usr/bin/cc   -DCHECK_FUNCTION_EXISTS=pthread_create    CMakeFiles/cmTryCompileExec288166561.dir/CheckFunctionExists.c.o  -o cmTryCompileExec288166561 -rdynamic -lpthread 
gmake[1]: Leaving directory `/home/pmm5983/flownet-release/CMakeFiles/CMakeTmp'


